[58923][169147465.533136]
[34m Updating quote currency 'USD' in base currency 'OST' [0m
Derived Constructor of  web3-eth  invoked!
[58923][169147838.212814][32m[OstWSProvider] WebSocket Connection established with endpoint ws://127.0.0.1:19546 [0m
[58923][169147838.394311][0m[OstWSProvider] Emitting  connect  event [0m
RMQ Connection Established..
[58923][169148483.756071][35m OST Value From CoinMarketCap:{"id":"ost","name":"OST","symbol":"OST","rank":"175","price_usd":"0.150835","price_btc":"0.00002043","24h_volume_usd":"4196580.0","market_cap_usd":"43518274.0","available_supply":"288515753.0","total_supply":"800000000.0","max_supply":null,"percent_change_1h":"-0.68","percent_change_24h":"4.35","percent_change_7d":"-8.44","last_updated":"1522762758"} [0m
[58923][169148494.356277][35m (10 ms) INSERT INTO currency_conversion_rates (base_currency,quote_currency,conversion_rate,timestamp,status,created_at,updated_at) VALUES ('1', '1', '0.150835', 1522762977, '3', '2018-04-03 19:12:58', '2018-04-03 19:12:58') [0m
[58923][169148494.818991][35m Price Input for contract:0.150835 [0m
[58923][169148495.066843][35m Quote Currency for contract:USD [0m
[58923][169148497.887427][35m Price Point in Wei for contract:150835000000000000 [0m
[33m   sendTxAsyncFromAddr :: Unlock Account 0xfF171878E410A3c6B94F31a1d4eAef317b6B23f0 [0m
HACKED unlockAccount INVOKED
WEB3_OVERRIDE: dummy response for unlockAccount for address: 0xfF171878E410A3c6B94F31a1d4eAef317b6B23f0
[33m   sendTxAsyncFromAddr :: Unlocked 0xfF171878E410A3c6B94F31a1d4eAef317b6B23f0 [0m
HACKED sendTransaction INVOKED
arguments of sendTransaction { '0': 
   { from: '0xfF171878E410A3c6B94F31a1d4eAef317b6B23f0',
     to: '0xA8A5fadFdDc4D1987Cd303296B7964834178e661',
     data: '0x91b7f5ed0000000000000000000000000000000000000000000000000217dfa222b23000',
     gasPrice: '0x3B9ACA00',
     gas: 4700000 },
  '1': [Function] }
WEB3_OVERRIDE: sendTransaction using private key from address: 0xfF171878E410A3c6B94F31a1d4eAef317b6B23f0
[58923][169148763.009965][0m NM :: getInstance :: instanceKey 0xff171878e410a3c6b94f31a1d4eaef317b6b23f0_utility [0m
[58923][169148763.388397][0m NM :: NonceManagerKlass :: creating new instance [0m
[58923][169148763.524816][0m NM :: NonceManagerKlass :: oThis.cacheKey:  nonce_utility_0xff171878e410a3c6b94f31a1d4eaef317b6b23f0 [0m
[58923][169148763.858752][0m NM :: getNonce called. [0m
[58923][169148766.378743][0m NM :: oThis.cacheLockKey:  nonce_utility_0xff171878e410a3c6b94f31a1d4eaef317b6b23f0_lock [0m
[58923][169148767.296305][0m NM :: acquireLockAndReturn :: nonceResponse:  Result {
  success: true,
  data: { response: '21' },
  isSuccess: [Function],
  isFailure: [Function] } [0m
[58923][169148768.183186][0m NM :: onResolve :: Correct context removed. [0m
[58923][169148768.479886][0m executeTx :: getPrivateKey initiated [0m
[58923][169148778.122509][0m executeTx :: sendSignedTx initiated [0m
[58923][169148788.593081][0m NM :: completionWithSuccess [0m
[33m   sendTxAsyncFromAddr :: sendTransaction :: transactionHash :: txHash  0x970e652820a898df9ddb8e10aed814c53ed063e9d12986dc603e744bea59c508 [0m
[58923][169148802.180445][35m (9 ms) UPDATE currency_conversion_rates set transaction_hash = '0x970e652820a898df9ddb8e10aed814c53ed063e9d12986dc603e744bea59c508', updated_at="2018-04-03 19:12:58" where id=8 [0m
[58923][169148802.493972][35m OkPacket {
  fieldCount: 0,
  affectedRows: 1,
  insertId: 0,
  serverStatus: 2,
  warningCount: 0,
  message: '(Rows matched: 1  Changed: 1  Warnings: 0',
  protocol41: true,
  changedRows: 1 } [0m
